#
# There is insufficient memory for the Java Runtime Environment to continue.
# Native memory allocation (mmap) failed to map 123731968 bytes for G1 virtual space
# Possible reasons:
#   The system is out of physical RAM or swap space
#   The process is running with CompressedOops enabled, and the Java Heap may be blocking the growth of the native heap
# Possible solutions:
#   Reduce memory load on the system
#   Increase physical memory or swap space
#   Check if swap backing store is full
#   Decrease Java heap size (-Xmx/-Xms)
#   Decrease number of Java threads
#   Decrease Java thread stack sizes (-Xss)
#   Set larger code cache with -XX:ReservedCodeCacheSize=
#   JVM is running with Unscaled Compressed Oops mode in which the Java heap is
#     placed in the first 4GB address space. The Java Heap base address is the
#     maximum limit for the native heap growth. Please use -XX:HeapBaseMinAddress
#     to set the Java Heap base and to place the Java Heap above 4GB virtual address.
# This output file may be truncated or incomplete.
#
#  Out of Memory Error (os_windows.cpp:3550), pid=18252, tid=17580
#
# JRE version: Java(TM) SE Runtime Environment (17.0.8+9) (build 17.0.8+9-LTS-211)
# Java VM: Java HotSpot(TM) 64-Bit Server VM (17.0.8+9-LTS-211, mixed mode, sharing, tiered, compressed oops, compressed class ptrs, g1 gc, windows-amd64)
# No core dump will be written. Minidumps are not enabled by default on client versions of Windows
#

---------------  S U M M A R Y ------------

Command Line: -Dcom.sun.management.jmxremote -Dcom.sun.management.jmxremote.port=64569 -Dcom.sun.management.jmxremote.authenticate=false -Dcom.sun.management.jmxremote.ssl=false -Dspring.jmx.enabled=true -Djava.rmi.server.hostname=localhost -Dspring.application.admin.enabled=true -Dspring.boot.project.name=TP-QuizCapitales -XX:+ShowCodeDetailsInExceptionMessages com.tp.chat.TpChatApplication

Host: AMD Ryzen 5 2500U with Radeon Vega Mobile Gfx  , 8 cores, 6G,  Windows 10 , 64 bit Build 19041 (10.0.19041.3636)
Time: Mon Feb 26 14:32:06 2024 Paris, Madrid elapsed time: 17848.356681 seconds (0d 4h 57m 28s)

---------------  T H R E A D  ---------------

Current thread (0x0000012134116db0):  VMThread "VM Thread" [stack: 0x00000014bec00000,0x00000014bed00000] [id=17580]

Stack: [0x00000014bec00000,0x00000014bed00000]
Native frames: (J=compiled Java code, j=interpreted, Vv=VM code, C=native code)
V  [jvm.dll+0x677d0a]
V  [jvm.dll+0x7d8c54]
V  [jvm.dll+0x7da3fe]
V  [jvm.dll+0x7daa63]
V  [jvm.dll+0x245c5f]
V  [jvm.dll+0x674bb9]
V  [jvm.dll+0x6694f2]
V  [jvm.dll+0x3031d6]
V  [jvm.dll+0x30a756]
V  [jvm.dll+0x359f9e]
V  [jvm.dll+0x35a1cf]
V  [jvm.dll+0x2da3e8]
V  [jvm.dll+0x2d87f5]
V  [jvm.dll+0x2d7dfc]
V  [jvm.dll+0x31b4cb]
V  [jvm.dll+0x7df26b]
V  [jvm.dll+0x7dffa4]
V  [jvm.dll+0x7e04bd]
V  [jvm.dll+0x7e0894]
V  [jvm.dll+0x7e0960]
V  [jvm.dll+0x788bba]
V  [jvm.dll+0x676b35]
C  [ucrtbase.dll+0x21bb2]
C  [KERNEL32.DLL+0x17344]
C  [ntdll.dll+0x526b1]

VM_Operation (0x00000014c1bff1a0): G1CollectForAllocation, mode: safepoint, requested by thread 0x000001217d700d20


---------------  P R O C E S S  ---------------

Threads class SMR info:
_java_thread_list=0x000001217cd45af0, length=46, elements={
0x000001213411c6b0, 0x000001213411df40, 0x0000012134135820, 0x00000121341372f0,
0x0000012134139bc0, 0x000001213413a480, 0x000001213413b070, 0x000001213413bd80,
0x0000012134146eb0, 0x00000121341081b0, 0x00000121343c85b0, 0x0000012134a6d680,
0x0000012134973da0, 0x00000121349adb90, 0x000001217cebb070, 0x000001217bbb4e30,
0x000001217d0fb740, 0x000001217ce52100, 0x000001217aafbed0, 0x000001217aafc870,
0x000001217aaf8eb0, 0x000001217aafa1f0, 0x000001217aafa6c0, 0x000001217d7063c0,
0x000001217d702ed0, 0x000001217d705080, 0x000001217d7033a0, 0x000001217d700380,
0x000001217d6ffeb0, 0x000001217d707230, 0x000001217d700d20, 0x000001217d702060,
0x000001217d703d40, 0x000001217d703870, 0x000001217d7011f0, 0x000001217d7046e0,
0x000001217d7016c0, 0x000001217d706890, 0x000001217aafba00, 0x000001217f83ce50,
0x000001217f83d320, 0x000001217f839e30, 0x000001217f838af0, 0x000001217f83aca0,
0x000001217f8372e0, 0x000001217f837c80
}

Java Threads: ( => current thread )
  0x000001213411c6b0 JavaThread "Reference Handler" daemon [_thread_blocked, id=17684, stack(0x00000014bed00000,0x00000014bee00000)]
  0x000001213411df40 JavaThread "Finalizer" daemon [_thread_blocked, id=8804, stack(0x00000014bee00000,0x00000014bef00000)]
  0x0000012134135820 JavaThread "Signal Dispatcher" daemon [_thread_blocked, id=9548, stack(0x00000014bef00000,0x00000014bf000000)]
  0x00000121341372f0 JavaThread "Attach Listener" daemon [_thread_blocked, id=18692, stack(0x00000014bf000000,0x00000014bf100000)]
  0x0000012134139bc0 JavaThread "Service Thread" daemon [_thread_blocked, id=9308, stack(0x00000014bf100000,0x00000014bf200000)]
  0x000001213413a480 JavaThread "Monitor Deflation Thread" daemon [_thread_blocked, id=19092, stack(0x00000014bf200000,0x00000014bf300000)]
  0x000001213413b070 JavaThread "C2 CompilerThread0" daemon [_thread_blocked, id=18696, stack(0x00000014bf300000,0x00000014bf400000)]
  0x000001213413bd80 JavaThread "C1 CompilerThread0" daemon [_thread_blocked, id=19596, stack(0x00000014bf400000,0x00000014bf500000)]
  0x0000012134146eb0 JavaThread "Sweeper thread" daemon [_thread_blocked, id=9056, stack(0x00000014bf500000,0x00000014bf600000)]
  0x00000121341081b0 JavaThread "Common-Cleaner" daemon [_thread_blocked, id=18764, stack(0x00000014bf600000,0x00000014bf700000)]
  0x00000121343c85b0 JavaThread "Notification Thread" daemon [_thread_blocked, id=10144, stack(0x00000014bf700000,0x00000014bf800000)]
  0x0000012134a6d680 JavaThread "RMI TCP Accept-0" daemon [_thread_in_native, id=18088, stack(0x00000014bf800000,0x00000014bf900000)]
  0x0000012134973da0 JavaThread "RMI TCP Accept-64569" daemon [_thread_in_native, id=11640, stack(0x00000014bf900000,0x00000014bfa00000)]
  0x00000121349adb90 JavaThread "RMI TCP Accept-0" daemon [_thread_in_native, id=22060, stack(0x00000014bfa00000,0x00000014bfb00000)]
  0x000001217cebb070 JavaThread "Catalina-utility-1" [_thread_blocked, id=21208, stack(0x00000014c0800000,0x00000014c0900000)]
  0x000001217bbb4e30 JavaThread "Catalina-utility-2" [_thread_blocked, id=18188, stack(0x00000014c0900000,0x00000014c0a00000)]
  0x000001217d0fb740 JavaThread "container-0" [_thread_blocked, id=18376, stack(0x00000014c0a00000,0x00000014c0b00000)]
  0x000001217ce52100 JavaThread "mysql-cj-abandoned-connection-cleanup" daemon [_thread_blocked, id=17916, stack(0x00000014c0b00000,0x00000014c0c00000)]
  0x000001217aafbed0 JavaThread "HikariPool-1 housekeeper" daemon [_thread_blocked, id=12460, stack(0x00000014c0d00000,0x00000014c0e00000)]
  0x000001217aafc870 JavaThread "MessageBroker-1" [_thread_blocked, id=18700, stack(0x00000014c0f00000,0x00000014c1000000)]
  0x000001217aaf8eb0 JavaThread "http-nio-8888-exec-1" daemon [_thread_blocked, id=18160, stack(0x00000014c1000000,0x00000014c1100000)]
  0x000001217aafa1f0 JavaThread "http-nio-8888-exec-2" daemon [_thread_blocked, id=17984, stack(0x00000014c1100000,0x00000014c1200000)]
  0x000001217aafa6c0 JavaThread "http-nio-8888-exec-3" daemon [_thread_blocked, id=17708, stack(0x00000014c1200000,0x00000014c1300000)]
  0x000001217d7063c0 JavaThread "http-nio-8888-exec-4" daemon [_thread_blocked, id=16228, stack(0x00000014c1300000,0x00000014c1400000)]
  0x000001217d702ed0 JavaThread "http-nio-8888-exec-6" daemon [_thread_blocked, id=1704, stack(0x00000014c1500000,0x00000014c1600000)]
  0x000001217d705080 JavaThread "http-nio-8888-exec-7" daemon [_thread_blocked, id=12432, stack(0x00000014c1600000,0x00000014c1700000)]
  0x000001217d7033a0 JavaThread "http-nio-8888-exec-8" daemon [_thread_blocked, id=19652, stack(0x00000014c1700000,0x00000014c1800000)]
  0x000001217d700380 JavaThread "http-nio-8888-exec-9" daemon [_thread_blocked, id=21968, stack(0x00000014c1800000,0x00000014c1900000)]
  0x000001217d6ffeb0 JavaThread "http-nio-8888-exec-10" daemon [_thread_blocked, id=12016, stack(0x00000014c1900000,0x00000014c1a00000)]
  0x000001217d707230 JavaThread "http-nio-8888-Poller" daemon [_thread_blocked, id=9780, stack(0x00000014c1a00000,0x00000014c1b00000)]
  0x000001217d700d20 JavaThread "http-nio-8888-Acceptor" daemon [_thread_blocked, id=6044, stack(0x00000014c1b00000,0x00000014c1c00000)]
  0x000001217d702060 JavaThread "DestroyJavaVM" [_thread_blocked, id=8304, stack(0x00000014be600000,0x00000014be700000)]
  0x000001217d703d40 JavaThread "MessageBroker-2" [_thread_blocked, id=21044, stack(0x00000014be400000,0x00000014be500000)]
  0x000001217d703870 JavaThread "MessageBroker-3" [_thread_blocked, id=12528, stack(0x00000014be300000,0x00000014be400000)]
  0x000001217d7011f0 JavaThread "MessageBroker-4" [_thread_blocked, id=21628, stack(0x00000014be500000,0x00000014be600000)]
  0x000001217d7046e0 JavaThread "MessageBroker-5" [_thread_blocked, id=20832, stack(0x00000014c0500000,0x00000014c0600000)]
  0x000001217d7016c0 JavaThread "MessageBroker-6" [_thread_blocked, id=5292, stack(0x00000014c0600000,0x00000014c0700000)]
  0x000001217d706890 JavaThread "MessageBroker-7" [_thread_blocked, id=10576, stack(0x00000014c1f00000,0x00000014c2000000)]
  0x000001217aafba00 JavaThread "MessageBroker-8" [_thread_blocked, id=14692, stack(0x00000014c2300000,0x00000014c2400000)]
  0x000001217f83ce50 JavaThread "http-nio-8888-exec-11" daemon [_thread_blocked, id=18984, stack(0x00000014c3100000,0x00000014c3200000)]
  0x000001217f83d320 JavaThread "WebSocket background processing" daemon [_thread_blocked, id=9160, stack(0x00000014c0c00000,0x00000014c0d00000)]
  0x000001217f839e30 JavaThread "clientInboundChannel-429" [_thread_blocked, id=5896, stack(0x00000014c1c00000,0x00000014c1d00000)]
  0x000001217f838af0 JavaThread "clientInboundChannel-430" [_thread_blocked, id=14964, stack(0x00000014c1d00000,0x00000014c1e00000)]
  0x000001217f83aca0 JavaThread "clientInboundChannel-431" [_thread_blocked, id=17040, stack(0x00000014c1e00000,0x00000014c1f00000)]
  0x000001217f8372e0 JavaThread "clientOutboundChannel-158" [_thread_blocked, id=6196, stack(0x00000014c2000000,0x00000014c2100000)]
  0x000001217f837c80 JavaThread "HikariPool-1 connection adder" daemon [_thread_blocked, id=13944, stack(0x00000014c0e00000,0x00000014c0f00000)]

Other Threads:
=>0x0000012134116db0 VMThread "VM Thread" [stack: 0x00000014bec00000,0x00000014bed00000] [id=17580]
  0x00000121169afce0 WatcherThread [stack: 0x00000014bfb00000,0x00000014bfc00000] [id=20648]
  0x0000012116998a60 GCTaskThread "GC Thread#0" [stack: 0x00000014be700000,0x00000014be800000] [id=252]
  0x0000012134ede9a0 GCTaskThread "GC Thread#1" [stack: 0x00000014bfc00000,0x00000014bfd00000] [id=12208]
  0x000001217a4caa30 GCTaskThread "GC Thread#2" [stack: 0x00000014bfd00000,0x00000014bfe00000] [id=22400]
  0x000001217a4cace0 GCTaskThread "GC Thread#3" [stack: 0x00000014bfe00000,0x00000014bff00000] [id=5704]
  0x000001217a4cf780 GCTaskThread "GC Thread#4" [stack: 0x00000014bff00000,0x00000014c0000000] [id=21956]
  0x000001217a4cfa30 GCTaskThread "GC Thread#5" [stack: 0x00000014c0000000,0x00000014c0100000] [id=17564]
  0x0000012134c5cad0 GCTaskThread "GC Thread#6" [stack: 0x00000014c0100000,0x00000014c0200000] [id=18772]
  0x000001217a519890 GCTaskThread "GC Thread#7" [stack: 0x00000014c0200000,0x00000014c0300000] [id=22620]
  0x00000121169a7820 ConcurrentGCThread "G1 Main Marker" [stack: 0x00000014be800000,0x00000014be900000] [id=7612]
  0x00000121169a8230 ConcurrentGCThread "G1 Conc#0" [stack: 0x00000014be900000,0x00000014bea00000] [id=7644]
  0x000001217a89bd40 ConcurrentGCThread "G1 Conc#1" [stack: 0x00000014c0700000,0x00000014c0800000] [id=8712]
  0x0000012133fd60d0 ConcurrentGCThread "G1 Refine#0" [stack: 0x00000014bea00000,0x00000014beb00000] [id=23300]
  0x0000012134edec50 ConcurrentGCThread "G1 Refine#1" [stack: 0x00000014c0300000,0x00000014c0400000] [id=12540]
  0x0000012134ea6a90 ConcurrentGCThread "G1 Refine#2" [stack: 0x00000014c0400000,0x00000014c0500000] [id=19528]
  0x0000012133fd6a00 ConcurrentGCThread "G1 Service" [stack: 0x00000014beb00000,0x00000014bec00000] [id=8168]

Threads with active compile tasks:

VM state: at safepoint (normal execution)

VM Mutex/Monitor currently owned by a thread:  ([mutex/lock_event])
[0x0000012116936b30] Threads_lock - owner thread: 0x0000012134116db0
[0x0000012116936bc0] Heap_lock - owner thread: 0x000001217d700d20

Heap address: 0x0000000090c00000, size: 1780 MB, Compressed Oops mode: 32-bit

CDS archive(s) mapped at: [0x0000012135000000-0x0000012135bd0000-0x0000012135bd0000), size 12386304, SharedBaseAddress: 0x0000012135000000, ArchiveRelocationMode: 1.
Compressed class space mapped at: 0x0000012136000000-0x0000012176000000, reserved size: 1073741824
Narrow klass base: 0x0000012135000000, Narrow klass shift: 0, Narrow klass range: 0x100000000

GC Precious Log:
 CPUs: 8 total, 8 available
 Memory: 7116M
 Large Page Support: Disabled
 NUMA Support: Disabled
 Compressed Oops: Enabled (32-bit)
 Heap Region Size: 1M
 Heap Min Capacity: 8M
 Heap Initial Capacity: 112M
 Heap Max Capacity: 1780M
 Pre-touch: Disabled
 Parallel Workers: 8
 Concurrent Workers: 2
 Concurrent Refinement Workers: 8
 Periodic GC: Disabled

Heap:
 garbage-first heap   total 133120K, used 34235K [0x0000000090c00000, 0x0000000100000000)
  region size 1024K, 1 young (1024K), 1 survivors (1024K)
 Metaspace       used 83458K, committed 84096K, reserved 1179648K
  class space    used 10911K, committed 11264K, reserved 1048576K

Heap Regions: E=young(eden), S=young(survivor), O=old, HS=humongous(starts), HC=humongous(continues), CS=collection set, F=free, OA=open archive, CA=closed archive, TAMS=top-at-mark-start (previous, next)
|   0|0x0000000090c00000, 0x0000000090d00000, 0x0000000090d00000|100%|HS|  |TAMS 0x0000000090d00000, 0x0000000090d00000| Complete 
|   1|0x0000000090d00000, 0x0000000090e00000, 0x0000000090e00000|100%| O|  |TAMS 0x0000000090e00000, 0x0000000090e00000| Untracked 
|   2|0x0000000090e00000, 0x0000000090f00000, 0x0000000090f00000|100%| O|  |TAMS 0x0000000090f00000, 0x0000000090f00000| Untracked 
|   3|0x0000000090f00000, 0x0000000091000000, 0x0000000091000000|100%| O|  |TAMS 0x0000000091000000, 0x0000000091000000| Untracked 
|   4|0x0000000091000000, 0x0000000091100000, 0x0000000091100000|100%| O|  |TAMS 0x0000000091100000, 0x0000000091100000| Untracked 
|   5|0x0000000091100000, 0x0000000091200000, 0x0000000091200000|100%| O|  |TAMS 0x0000000091200000, 0x0000000091200000| Untracked 
|   6|0x0000000091200000, 0x0000000091300000, 0x0000000091300000|100%| O|  |TAMS 0x0000000091300000, 0x0000000091300000| Untracked 
|   7|0x0000000091300000, 0x0000000091400000, 0x0000000091400000|100%| O|  |TAMS 0x0000000091400000, 0x0000000091400000| Untracked 
|   8|0x0000000091400000, 0x0000000091500000, 0x0000000091500000|100%| O|  |TAMS 0x0000000091500000, 0x0000000091500000| Untracked 
|   9|0x0000000091500000, 0x0000000091600000, 0x0000000091600000|100%| O|  |TAMS 0x0000000091600000, 0x0000000091600000| Untracked 
|  10|0x0000000091600000, 0x0000000091700000, 0x0000000091700000|100%| O|  |TAMS 0x000000009166ba00, 0x0000000091700000| Untracked 
|  11|0x0000000091700000, 0x0000000091800000, 0x0000000091800000|100%| O|  |TAMS 0x0000000091800000, 0x0000000091800000| Untracked 
|  12|0x0000000091800000, 0x0000000091900000, 0x0000000091900000|100%| O|  |TAMS 0x0000000091900000, 0x0000000091900000| Untracked 
|  13|0x0000000091900000, 0x0000000091a00000, 0x0000000091a00000|100%| O|  |TAMS 0x0000000091a00000, 0x0000000091a00000| Untracked 
|  14|0x0000000091a00000, 0x0000000091b00000, 0x0000000091b00000|100%| O|  |TAMS 0x0000000091b00000, 0x0000000091b00000| Untracked 
|  15|0x0000000091b00000, 0x0000000091c00000, 0x0000000091c00000|100%| O|  |TAMS 0x0000000091c00000, 0x0000000091c00000| Untracked 
|  16|0x0000000091c00000, 0x0000000091d00000, 0x0000000091d00000|100%| O|  |TAMS 0x0000000091d00000, 0x0000000091d00000| Untracked 
|  17|0x0000000091d00000, 0x0000000091e00000, 0x0000000091e00000|100%| O|  |TAMS 0x0000000091e00000, 0x0000000091e00000| Untracked 
|  18|0x0000000091e00000, 0x0000000091eeb600, 0x0000000091f00000| 91%| O|  |TAMS 0x0000000091eeb600, 0x0000000091eeb600| Untracked 
|  19|0x0000000091f00000, 0x0000000092000000, 0x0000000092000000|100%| O|  |TAMS 0x0000000092000000, 0x0000000092000000| Untracked 
|  20|0x0000000092000000, 0x0000000092100000, 0x0000000092100000|100%| O|  |TAMS 0x0000000092100000, 0x0000000092100000| Untracked 
|  21|0x0000000092100000, 0x0000000092200000, 0x0000000092200000|100%| O|  |TAMS 0x0000000092200000, 0x0000000092200000| Untracked 
|  22|0x0000000092200000, 0x0000000092300000, 0x0000000092300000|100%| O|  |TAMS 0x0000000092300000, 0x0000000092300000| Untracked 
|  23|0x0000000092300000, 0x0000000092400000, 0x0000000092400000|100%| O|  |TAMS 0x0000000092400000, 0x0000000092400000| Untracked 
|  24|0x0000000092400000, 0x0000000092500000, 0x0000000092500000|100%| O|  |TAMS 0x0000000092500000, 0x0000000092500000| Untracked 
|  25|0x0000000092500000, 0x0000000092600000, 0x0000000092600000|100%| O|  |TAMS 0x0000000092600000, 0x0000000092600000| Untracked 
|  26|0x0000000092600000, 0x0000000092600000, 0x0000000092700000|  0%| F|  |TAMS 0x0000000092600000, 0x0000000092600000| Untracked 
|  27|0x0000000092700000, 0x0000000092800000, 0x0000000092800000|100%| O|  |TAMS 0x0000000092800000, 0x0000000092800000| Untracked 
|  28|0x0000000092800000, 0x0000000092900000, 0x0000000092900000|100%| O|  |TAMS 0x0000000092900000, 0x0000000092900000| Untracked 
|  29|0x0000000092900000, 0x0000000092a00000, 0x0000000092a00000|100%| O|  |TAMS 0x0000000092a00000, 0x0000000092a00000| Untracked 
|  30|0x0000000092a00000, 0x0000000092b00000, 0x0000000092b00000|100%| O|  |TAMS 0x0000000092b00000, 0x0000000092b00000| Untracked 
|  31|0x0000000092b00000, 0x0000000092c00000, 0x0000000092c00000|100%| O|  |TAMS 0x0000000092c00000, 0x0000000092c00000| Untracked 
|  32|0x0000000092c00000, 0x0000000092d00000, 0x0000000092d00000|100%| O|  |TAMS 0x0000000092d00000, 0x0000000092d00000| Untracked 
|  33|0x0000000092d00000, 0x0000000092d40600, 0x0000000092e00000| 25%| O|  |TAMS 0x0000000092d00000, 0x0000000092d40600| Untracked 
|  34|0x0000000092e00000, 0x0000000092e00000, 0x0000000092f00000|  0%| F|  |TAMS 0x0000000092e00000, 0x0000000092e00000| Untracked 
|  35|0x0000000092f00000, 0x0000000092f00000, 0x0000000093000000|  0%| F|  |TAMS 0x0000000092f00000, 0x0000000092f00000| Untracked 
|  36|0x0000000093000000, 0x0000000093000000, 0x0000000093100000|  0%| F|  |TAMS 0x0000000093000000, 0x0000000093000000| Untracked 
|  37|0x0000000093100000, 0x0000000093200000, 0x0000000093200000|100%| O|  |TAMS 0x0000000093200000, 0x0000000093200000| Untracked 
|  38|0x0000000093200000, 0x0000000093200000, 0x0000000093300000|  0%| F|  |TAMS 0x0000000093200000, 0x0000000093200000| Untracked 
|  39|0x0000000093300000, 0x0000000093300000, 0x0000000093400000|  0%| F|  |TAMS 0x0000000093300000, 0x0000000093300000| Untracked 
|  40|0x0000000093400000, 0x0000000093400000, 0x0000000093500000|  0%| F|  |TAMS 0x0000000093400000, 0x0000000093400000| Untracked 
|  41|0x0000000093500000, 0x0000000093500000, 0x0000000093600000|  0%| F|  |TAMS 0x0000000093500000, 0x0000000093500000| Untracked 
|  42|0x0000000093600000, 0x0000000093600000, 0x0000000093700000|  0%| F|  |TAMS 0x0000000093600000, 0x0000000093600000| Untracked 
|  43|0x0000000093700000, 0x0000000093700000, 0x0000000093800000|  0%| F|  |TAMS 0x0000000093700000, 0x0000000093700000| Untracked 
|  44|0x0000000093800000, 0x0000000093800000, 0x0000000093900000|  0%| F|  |TAMS 0x0000000093800000, 0x0000000093800000| Untracked 
|  45|0x0000000093900000, 0x0000000093900000, 0x0000000093a00000|  0%| F|  |TAMS 0x0000000093900000, 0x0000000093900000| Untracked 
|  46|0x0000000093a00000, 0x0000000093a00000, 0x0000000093b00000|  0%| F|  |TAMS 0x0000000093a00000, 0x0000000093a00000| Untracked 
|  47|0x0000000093b00000, 0x0000000093b00000, 0x0000000093c00000|  0%| F|  |TAMS 0x0000000093b00000, 0x0000000093b00000| Untracked 
|  48|0x0000000093c00000, 0x0000000093c00000, 0x0000000093d00000|  0%| F|  |TAMS 0x0000000093c00000, 0x0000000093c00000| Untracked 
|  49|0x0000000093d00000, 0x0000000093d00000, 0x0000000093e00000|  0%| F|  |TAMS 0x0000000093d00000, 0x0000000093d00000| Untracked 
|  50|0x0000000093e00000, 0x0000000093e00000, 0x0000000093f00000|  0%| F|  |TAMS 0x0000000093e00000, 0x0000000093e00000| Untracked 
|  51|0x0000000093f00000, 0x0000000093f432e8, 0x0000000094000000| 26%| S|CS|TAMS 0x0000000093f00000, 0x0000000093f00000| Complete 
|  52|0x0000000094000000, 0x0000000094000000, 0x0000000094100000|  0%| F|  |TAMS 0x0000000094000000, 0x0000000094000000| Untracked 
|  53|0x0000000094100000, 0x0000000094100000, 0x0000000094200000|  0%| F|  |TAMS 0x0000000094100000, 0x0000000094100000| Untracked 
|  54|0x0000000094200000, 0x0000000094200000, 0x0000000094300000|  0%| F|  |TAMS 0x0000000094200000, 0x0000000094200000| Untracked 
|  55|0x0000000094300000, 0x0000000094300000, 0x0000000094400000|  0%| F|  |TAMS 0x0000000094300000, 0x0000000094300000| Untracked 
|  56|0x0000000094400000, 0x0000000094400000, 0x0000000094500000|  0%| F|  |TAMS 0x0000000094400000, 0x0000000094400000| Untracked 
|  57|0x0000000094500000, 0x0000000094500000, 0x0000000094600000|  0%| F|  |TAMS 0x0000000094500000, 0x0000000094500000| Untracked 
|  58|0x0000000094600000, 0x0000000094600000, 0x0000000094700000|  0%| F|  |TAMS 0x0000000094600000, 0x0000000094600000| Untracked 
|  59|0x0000000094700000, 0x0000000094700000, 0x0000000094800000|  0%| F|  |TAMS 0x0000000094700000, 0x0000000094700000| Untracked 
|  60|0x0000000094800000, 0x0000000094800000, 0x0000000094900000|  0%| F|  |TAMS 0x0000000094800000, 0x0000000094800000| Untracked 
|  61|0x0000000094900000, 0x0000000094900000, 0x0000000094a00000|  0%| F|  |TAMS 0x0000000094900000, 0x0000000094900000| Untracked 
|  62|0x0000000094a00000, 0x0000000094a00000, 0x0000000094b00000|  0%| F|  |TAMS 0x0000000094a00000, 0x0000000094a00000| Untracked 
|  63|0x0000000094b00000, 0x0000000094b00000, 0x0000000094c00000|  0%| F|  |TAMS 0x0000000094b00000, 0x0000000094b00000| Untracked 
|  64|0x0000000094c00000, 0x0000000094c00000, 0x0000000094d00000|  0%| F|  |TAMS 0x0000000094c00000, 0x0000000094c00000| Untracked 
|  65|0x0000000094d00000, 0x0000000094d00000, 0x0000000094e00000|  0%| F|  |TAMS 0x0000000094d00000, 0x0000000094d00000| Untracked 
|  66|0x0000000094e00000, 0x0000000094e00000, 0x0000000094f00000|  0%| F|  |TAMS 0x0000000094e00000, 0x0000000094e00000| Untracked 
|  67|0x0000000094f00000, 0x0000000094f00000, 0x0000000095000000|  0%| F|  |TAMS 0x0000000094f00000, 0x0000000094f00000| Untracked 
|  68|0x0000000095000000, 0x0000000095000000, 0x0000000095100000|  0%| F|  |TAMS 0x0000000095000000, 0x0000000095000000| Untracked 
|  69|0x0000000095100000, 0x0000000095100000, 0x0000000095200000|  0%| F|  |TAMS 0x0000000095100000, 0x0000000095100000| Untracked 
|  70|0x0000000095200000, 0x0000000095200000, 0x0000000095300000|  0%| F|  |TAMS 0x0000000095200000, 0x0000000095200000| Untracked 
|  71|0x0000000095300000, 0x0000000095300000, 0x0000000095400000|  0%| F|  |TAMS 0x0000000095300000, 0x0000000095300000| Untracked 
|  72|0x0000000095400000, 0x0000000095400000, 0x0000000095500000|  0%| F|  |TAMS 0x0000000095400000, 0x0000000095400000| Untracked 
|  73|0x0000000095500000, 0x0000000095500000, 0x0000000095600000|  0%| F|  |TAMS 0x0000000095500000, 0x0000000095500000| Untracked 
|  74|0x0000000095600000, 0x0000000095600000, 0x0000000095700000|  0%| F|  |TAMS 0x0000000095600000, 0x0000000095600000| Untracked 
|  75|0x0000000095700000, 0x0000000095700000, 0x0000000095800000|  0%| F|  |TAMS 0x0000000095700000, 0x0000000095700000| Untracked 
|  76|0x0000000095800000, 0x0000000095800000, 0x0000000095900000|  0%| F|  |TAMS 0x0000000095800000, 0x0000000095800000| Untracked 
|  77|0x0000000095900000, 0x0000000095900000, 0x0000000095a00000|  0%| F|  |TAMS 0x0000000095900000, 0x0000000095900000| Untracked 
|  78|0x0000000095a00000, 0x0000000095a00000, 0x0000000095b00000|  0%| F|  |TAMS 0x0000000095a00000, 0x0000000095a00000| Untracked 
|  79|0x0000000095b00000, 0x0000000095b00000, 0x0000000095c00000|  0%| F|  |TAMS 0x0000000095b00000, 0x0000000095b00000| Untracked 
|  80|0x0000000095c00000, 0x0000000095c00000, 0x0000000095d00000|  0%| F|  |TAMS 0x0000000095c00000, 0x0000000095c00000| Untracked 
|  81|0x0000000095d00000, 0x0000000095d00000, 0x0000000095e00000|  0%| F|  |TAMS 0x0000000095d00000, 0x0000000095d00000| Untracked 
|  82|0x0000000095e00000, 0x0000000095e00000, 0x0000000095f00000|  0%| F|  |TAMS 0x0000000095e00000, 0x0000000095e00000| Untracked 
|  83|0x0000000095f00000, 0x0000000095f00000, 0x0000000096000000|  0%| F|  |TAMS 0x0000000095f00000, 0x0000000095f00000| Untracked 
|  84|0x0000000096000000, 0x0000000096000000, 0x0000000096100000|  0%| F|  |TAMS 0x0000000096000000, 0x0000000096000000| Untracked 
|  85|0x0000000096100000, 0x0000000096100000, 0x0000000096200000|  0%| F|  |TAMS 0x0000000096100000, 0x0000000096100000| Untracked 
|  86|0x0000000096200000, 0x0000000096200000, 0x0000000096300000|  0%| F|  |TAMS 0x0000000096200000, 0x0000000096200000| Untracked 
|  87|0x0000000096300000, 0x0000000096300000, 0x0000000096400000|  0%| F|  |TAMS 0x0000000096300000, 0x0000000096300000| Untracked 
|  88|0x0000000096400000, 0x0000000096400000, 0x0000000096500000|  0%| F|  |TAMS 0x0000000096400000, 0x0000000096400000| Untracked 
|  89|0x0000000096500000, 0x0000000096500000, 0x0000000096600000|  0%| F|  |TAMS 0x0000000096500000, 0x0000000096500000| Untracked 
|  90|0x0000000096600000, 0x0000000096600000, 0x0000000096700000|  0%| F|  |TAMS 0x0000000096600000, 0x0000000096600000| Untracked 
|  91|0x0000000096700000, 0x0000000096700000, 0x0000000096800000|  0%| F|  |TAMS 0x0000000096700000, 0x0000000096700000| Untracked 
|  92|0x0000000096800000, 0x0000000096800000, 0x0000000096900000|  0%| F|  |TAMS 0x0000000096800000, 0x0000000096800000| Untracked 
|  93|0x0000000096900000, 0x0000000096900000, 0x0000000096a00000|  0%| F|  |TAMS 0x0000000096900000, 0x0000000096900000| Untracked 
|  94|0x0000000096a00000, 0x0000000096a00000, 0x0000000096b00000|  0%| F|  |TAMS 0x0000000096a00000, 0x0000000096a00000| Untracked 
|  95|0x0000000096b00000, 0x0000000096b00000, 0x0000000096c00000|  0%| F|  |TAMS 0x0000000096b00000, 0x0000000096b00000| Untracked 
|  96|0x0000000096c00000, 0x0000000096c00000, 0x0000000096d00000|  0%| F|  |TAMS 0x0000000096c00000, 0x0000000096c00000| Untracked 
|  97|0x0000000096d00000, 0x0000000096d00000, 0x0000000096e00000|  0%| F|  |TAMS 0x0000000096d00000, 0x0000000096d00000| Untracked 
|  98|0x0000000096e00000, 0x0000000096e00000, 0x0000000096f00000|  0%| F|  |TAMS 0x0000000096e00000, 0x0000000096e00000| Untracked 
|  99|0x0000000096f00000, 0x0000000096f00000, 0x0000000097000000|  0%| F|  |TAMS 0x0000000096f00000, 0x0000000096f00000| Untracked 
| 100|0x0000000097000000, 0x0000000097000000, 0x0000000097100000|  0%| F|  |TAMS 0x0000000097000000, 0x0000000097000000| Untracked 
| 101|0x0000000097100000, 0x0000000097100000, 0x0000000097200000|  0%| F|  |TAMS 0x0000000097100000, 0x0000000097100000| Untracked 
| 102|0x0000000097200000, 0x0000000097200000, 0x0000000097300000|  0%| F|  |TAMS 0x0000000097200000, 0x0000000097200000| Untracked 
| 103|0x0000000097300000, 0x0000000097300000, 0x0000000097400000|  0%| F|  |TAMS 0x0000000097300000, 0x0000000097300000| Untracked 
| 104|0x0000000097400000, 0x0000000097400000, 0x0000000097500000|  0%| F|  |TAMS 0x0000000097400000, 0x0000000097400000| Untracked 
| 105|0x0000000097500000, 0x0000000097500000, 0x0000000097600000|  0%| F|  |TAMS 0x0000000097500000, 0x0000000097500000| Untracked 
| 106|0x0000000097600000, 0x0000000097600000, 0x0000000097700000|  0%| F|  |TAMS 0x0000000097600000, 0x0000000097600000| Untracked 
| 107|0x0000000097700000, 0x0000000097700000, 0x0000000097800000|  0%| F|  |TAMS 0x0000000097700000, 0x0000000097700000| Untracked 
| 108|0x0000000097800000, 0x0000000097800000, 0x0000000097900000|  0%| F|  |TAMS 0x0000000097800000, 0x0000000097800000| Untracked 
| 109|0x0000000097900000, 0x0000000097900000, 0x0000000097a00000|  0%| F|  |TAMS 0x0000000097900000, 0x0000000097900000| Untracked 
| 110|0x0000000097a00000, 0x0000000097a00000, 0x0000000097b00000|  0%| F|  |TAMS 0x0000000097a00000, 0x0000000097a00000| Untracked 
| 111|0x0000000097b00000, 0x0000000097b00000, 0x0000000097c00000|  0%| F|  |TAMS 0x0000000097b00000, 0x0000000097b00000| Untracked 
| 112|0x0000000097c00000, 0x0000000097c00000, 0x0000000097d00000|  0%| F|  |TAMS 0x0000000097c00000, 0x0000000097c00000| Untracked 
| 113|0x0000000097d00000, 0x0000000097d00000, 0x0000000097e00000|  0%| F|  |TAMS 0x0000000097d00000, 0x0000000097d00000| Untracked 
| 114|0x0000000097e00000, 0x0000000097e00000, 0x0000000097f00000|  0%| F|  |TAMS 0x0000000097e00000, 0x0000000097e00000| Untracked 
| 115|0x0000000097f00000, 0x0000000097f00000, 0x0000000098000000|  0%| F|  |TAMS 0x0000000097f00000, 0x0000000097f00000| Untracked 
| 116|0x0000000098000000, 0x0000000098000000, 0x0000000098100000|  0%| F|  |TAMS 0x0000000098000000, 0x0000000098000000| Untracked 
| 117|0x0000000098100000, 0x0000000098100000, 0x0000000098200000|  0%| F|  |TAMS 0x0000000098100000, 0x0000000098100000| Untracked 
| 118|0x0000000098200000, 0x0000000098200000, 0x0000000098300000|  0%| F|  |TAMS 0x0000000098200000, 0x0000000098200000| Untracked 
| 119|0x0000000098300000, 0x0000000098300000, 0x0000000098400000|  0%| F|  |TAMS 0x0000000098300000, 0x0000000098300000| Untracked 
| 120|0x0000000098400000, 0x0000000098400000, 0x0000000098500000|  0%| F|  |TAMS 0x0000000098400000, 0x0000000098400000| Untracked 
| 121|0x0000000098500000, 0x0000000098500000, 0x0000000098600000|  0%| F|  |TAMS 0x0000000098500000, 0x0000000098500000| Untracked 
| 122|0x0000000098600000, 0x0000000098600000, 0x0000000098700000|  0%| F|  |TAMS 0x0000000098600000, 0x0000000098600000| Untracked 
| 123|0x0000000098700000, 0x0000000098700000, 0x0000000098800000|  0%| F|  |TAMS 0x0000000098700000, 0x0000000098700000| Untracked 
| 124|0x0000000098800000, 0x0000000098800000, 0x0000000098900000|  0%| F|  |TAMS 0x0000000098800000, 0x0000000098800000| Untracked 
| 125|0x0000000098900000, 0x0000000098900000, 0x0000000098a00000|  0%| F|  |TAMS 0x0000000098900000, 0x0000000098900000| Untracked 
| 244|0x00000000a0000000, 0x00000000a0000000, 0x00000000a0100000|  0%| F|  |TAMS 0x00000000a0000000, 0x00000000a0000000| Untracked 
| 245|0x00000000a0100000, 0x00000000a0100000, 0x00000000a0200000|  0%| F|  |TAMS 0x00000000a0100000, 0x00000000a0100000| Untracked 
| 284|0x00000000a2800000, 0x00000000a2800000, 0x00000000a2900000|  0%| F|  |TAMS 0x00000000a2800000, 0x00000000a2800000| Untracked 
| 285|0x00000000a2900000, 0x00000000a2900000, 0x00000000a2a00000|  0%| F|  |TAMS 0x00000000a2900000, 0x00000000a2900000| Untracked 

Card table byte_map: [0x000001212d890000,0x000001212dc10000] _byte_map_base: 0x000001212d40a000

Marking Bits (Prev, Next): (CMBitMap*) 0x0000012116999070, (CMBitMap*) 0x00000121169990b0
 Prev Bits: [0x000001212df90000, 0x000001212fb60000)
 Next Bits: [0x000001212fb60000, 0x0000012131730000)

Polling page: 0x00000121148b0000

Metaspace:

Usage:
  Non-class:     70.85 MB used.
      Class:     10.66 MB used.
       Both:     81.50 MB used.

Virtual space:
  Non-class space:      128.00 MB reserved,      71.12 MB ( 56%) committed,  2 nodes.
      Class space:        1.00 GB reserved,      11.00 MB (  1%) committed,  1 nodes.
             Both:        1.12 GB reserved,      82.12 MB (  7%) committed. 

Chunk freelists:
   Non-Class:  8.14 MB
       Class:  5.11 MB
        Both:  13.25 MB

MaxMetaspaceSize: unlimited
CompressedClassSpaceSize: 1.00 GB
Initial GC threshold: 21.00 MB
Current GC threshold: 136.81 MB
CDS: on
MetaspaceReclaimPolicy: balanced
 - commit_granule_bytes: 65536.
 - commit_granule_words: 8192.
 - virtual_space_node_default_size: 8388608.
 - enlarge_chunks_in_place: 1.
 - new_chunks_are_fully_committed: 0.
 - uncommit_free_chunks: 1.
 - use_allocation_guard: 0.
 - handle_deallocations: 1.


Internal statistics:

num_allocs_failed_limit: 11.
num_arena_births: 1214.
num_arena_deaths: 498.
num_vsnodes_births: 3.
num_vsnodes_deaths: 0.
num_space_committed: 1314.
num_space_uncommitted: 0.
num_chunks_returned_to_freelist: 603.
num_chunks_taken_from_freelist: 4478.
num_chunk_merges: 232.
num_chunk_splits: 3064.
num_chunks_enlarged: 2330.
num_purges: 10.
num_inconsistent_stats: 0.

CodeHeap 'non-profiled nmethods': size=120000Kb used=14056Kb max_used=14056Kb free=105943Kb
 bounds [0x0000012125ca0000, 0x0000012126a60000, 0x000001212d1d0000]
CodeHeap 'profiled nmethods': size=120000Kb used=21452Kb max_used=24564Kb free=98547Kb
 bounds [0x000001211e1d0000, 0x000001211f9e0000, 0x0000012125700000]
CodeHeap 'non-nmethods': size=5760Kb used=1381Kb max_used=1448Kb free=4378Kb
 bounds [0x0000012125700000, 0x0000012125970000, 0x0000012125ca0000]
 total_blobs=13030 nmethods=12308 adapters=632
 compilation: enabled
              stopped_count=0, restarted_count=0
 full_count=0

Compilation events (20 events):
Event: 17842.512 Thread 0x000001213413b070 15500   !   4       org.apache.coyote.http11.Http11Processor::service (1237 bytes)
Event: 17842.549 Thread 0x000001213413bd80 15501   !   3       org.apache.coyote.http11.Http11InputBuffer::fill (435 bytes)
Event: 17842.555 Thread 0x000001213413bd80 nmethod 15501 0x000001211f301510 code [0x000001211f3019a0, 0x000001211f303b38]
Event: 17842.556 Thread 0x000001213413bd80 15502   !   3       org.apache.tomcat.util.net.NioEndpoint$NioSocketWrapper::fillReadBuffer (223 bytes)
Event: 17842.560 Thread 0x000001213413bd80 nmethod 15502 0x000001211f2c1f90 code [0x000001211f2c2240, 0x000001211f2c3378]
Event: 17842.627 Thread 0x000001213413bd80 15503       3       sun.nio.ch.SocketChannelImpl::translateAndSetReadyOps (8 bytes)
Event: 17842.628 Thread 0x000001213413bd80 nmethod 15503 0x000001211e68f710 code [0x000001211e68f8a0, 0x000001211e68f9e8]
Event: 17842.840 Thread 0x000001213413b070 nmethod 15500 0x0000012126a4d390 code [0x0000012126a4d9c0, 0x0000012126a51238]
Event: 17842.840 Thread 0x000001213413b070 15504   !   4       org.apache.coyote.AbstractProtocol$ConnectionHandler::process (1281 bytes)
Event: 17842.899 Thread 0x000001213413bd80 15505       3       java.io.IOException::<init> (6 bytes)
Event: 17842.900 Thread 0x000001213413bd80 nmethod 15505 0x000001211eb23390 code [0x000001211eb23540, 0x000001211eb236c8]
Event: 17842.991 Thread 0x000001213413b070 nmethod 15504 0x0000012126a54510 code [0x0000012126a54b00, 0x0000012126a57840]
Event: 17842.992 Thread 0x000001213413b070 15506       4       org.apache.tomcat.util.net.SocketWrapperBase::takeCurrentProcessor (9 bytes)
Event: 17842.994 Thread 0x000001213413b070 nmethod 15506 0x0000012126a59a90 code [0x0000012126a59c00, 0x0000012126a59cd8]
Event: 17843.042 Thread 0x000001213413bd80 15507       3       java.net.SocketException::<init> (6 bytes)
Event: 17843.043 Thread 0x000001213413bd80 nmethod 15507 0x000001211e49f210 code [0x000001211e49f3c0, 0x000001211e49f5c8]
Event: 17844.154 Thread 0x000001213413bd80 15508       3       sun.net.ConnectionResetException::<init> (6 bytes)
Event: 17844.155 Thread 0x000001213413bd80 nmethod 15508 0x000001211e6df710 code [0x000001211e6df8c0, 0x000001211e6dfb28]
Event: 17844.532 Thread 0x000001213413b070 15509   !   4       sun.nio.ch.SocketChannelImpl::endRead (46 bytes)
Event: 17844.532 Thread 0x000001213413b070 nmethod 15509 0x0000012126a59d90 code [0x0000012126a59f00, 0x0000012126a59f98]

GC Heap History (20 events):
Event: 17837.214 GC heap after
{Heap after GC invocations=140 (full 0):
 garbage-first heap   total 133120K, used 34655K [0x0000000090c00000, 0x0000000100000000)
  region size 1024K, 1 young (1024K), 1 survivors (1024K)
 Metaspace       used 83456K, committed 84096K, reserved 1179648K
  class space    used 10910K, committed 11264K, reserved 1048576K
}
Event: 17838.564 GC heap before
{Heap before GC invocations=140 (full 0):
 garbage-first heap   total 133120K, used 113503K [0x0000000090c00000, 0x0000000100000000)
  region size 1024K, 78 young (79872K), 1 survivors (1024K)
 Metaspace       used 83456K, committed 84096K, reserved 1179648K
  class space    used 10910K, committed 11264K, reserved 1048576K
}
Event: 17838.567 GC heap after
{Heap after GC invocations=141 (full 0):
 garbage-first heap   total 133120K, used 34455K [0x0000000090c00000, 0x0000000100000000)
  region size 1024K, 1 young (1024K), 1 survivors (1024K)
 Metaspace       used 83456K, committed 84096K, reserved 1179648K
  class space    used 10910K, committed 11264K, reserved 1048576K
}
Event: 17840.864 GC heap before
{Heap before GC invocations=142 (full 0):
 garbage-first heap   total 133120K, used 113303K [0x0000000090c00000, 0x0000000100000000)
  region size 1024K, 78 young (79872K), 1 survivors (1024K)
 Metaspace       used 83456K, committed 84096K, reserved 1179648K
  class space    used 10910K, committed 11264K, reserved 1048576K
}
Event: 17840.867 GC heap after
{Heap after GC invocations=143 (full 0):
 garbage-first heap   total 133120K, used 34496K [0x0000000090c00000, 0x0000000100000000)
  region size 1024K, 1 young (1024K), 1 survivors (1024K)
 Metaspace       used 83456K, committed 84096K, reserved 1179648K
  class space    used 10910K, committed 11264K, reserved 1048576K
}
Event: 17841.134 GC heap before
{Heap before GC invocations=143 (full 0):
 garbage-first heap   total 133120K, used 39616K [0x0000000090c00000, 0x0000000100000000)
  region size 1024K, 6 young (6144K), 1 survivors (1024K)
 Metaspace       used 83456K, committed 84096K, reserved 1179648K
  class space    used 10910K, committed 11264K, reserved 1048576K
}
Event: 17841.140 GC heap after
{Heap after GC invocations=144 (full 0):
 garbage-first heap   total 133120K, used 34581K [0x0000000090c00000, 0x0000000100000000)
  region size 1024K, 1 young (1024K), 1 survivors (1024K)
 Metaspace       used 83456K, committed 84096K, reserved 1179648K
  class space    used 10910K, committed 11264K, reserved 1048576K
}
Event: 17842.266 GC heap before
{Heap before GC invocations=144 (full 0):
 garbage-first heap   total 133120K, used 113429K [0x0000000090c00000, 0x0000000100000000)
  region size 1024K, 78 young (79872K), 1 survivors (1024K)
 Metaspace       used 83456K, committed 84096K, reserved 1179648K
  class space    used 10910K, committed 11264K, reserved 1048576K
}
Event: 17842.269 GC heap after
{Heap after GC invocations=145 (full 0):
 garbage-first heap   total 133120K, used 34424K [0x0000000090c00000, 0x0000000100000000)
  region size 1024K, 1 young (1024K), 1 survivors (1024K)
 Metaspace       used 83456K, committed 84096K, reserved 1179648K
  class space    used 10910K, committed 11264K, reserved 1048576K
}
Event: 17842.875 GC heap before
{Heap before GC invocations=146 (full 0):
 garbage-first heap   total 133120K, used 112248K [0x0000000090c00000, 0x0000000100000000)
  region size 1024K, 78 young (79872K), 1 survivors (1024K)
 Metaspace       used 83457K, committed 84096K, reserved 1179648K
  class space    used 10911K, committed 11264K, reserved 1048576K
}
Event: 17842.877 GC heap after
{Heap after GC invocations=147 (full 0):
 garbage-first heap   total 133120K, used 34610K [0x0000000090c00000, 0x0000000100000000)
  region size 1024K, 1 young (1024K), 1 survivors (1024K)
 Metaspace       used 83457K, committed 84096K, reserved 1179648K
  class space    used 10911K, committed 11264K, reserved 1048576K
}
Event: 17842.915 GC heap before
{Heap before GC invocations=147 (full 0):
 garbage-first heap   total 133120K, used 39730K [0x0000000090c00000, 0x0000000100000000)
  region size 1024K, 6 young (6144K), 1 survivors (1024K)
 Metaspace       used 83457K, committed 84096K, reserved 1179648K
  class space    used 10911K, committed 11264K, reserved 1048576K
}
Event: 17842.919 GC heap after
{Heap after GC invocations=148 (full 0):
 garbage-first heap   total 133120K, used 34489K [0x0000000090c00000, 0x0000000100000000)
  region size 1024K, 1 young (1024K), 1 survivors (1024K)
 Metaspace       used 83457K, committed 84096K, reserved 1179648K
  class space    used 10911K, committed 11264K, reserved 1048576K
}
Event: 17843.729 GC heap before
{Heap before GC invocations=148 (full 0):
 garbage-first heap   total 133120K, used 113337K [0x0000000090c00000, 0x0000000100000000)
  region size 1024K, 78 young (79872K), 1 survivors (1024K)
 Metaspace       used 83457K, committed 84096K, reserved 1179648K
  class space    used 10911K, committed 11264K, reserved 1048576K
}
Event: 17843.731 GC heap after
{Heap after GC invocations=149 (full 0):
 garbage-first heap   total 133120K, used 34527K [0x0000000090c00000, 0x0000000100000000)
  region size 1024K, 1 young (1024K), 1 survivors (1024K)
 Metaspace       used 83457K, committed 84096K, reserved 1179648K
  class space    used 10911K, committed 11264K, reserved 1048576K
}
Event: 17844.456 GC heap before
{Heap before GC invocations=150 (full 0):
 garbage-first heap   total 133120K, used 113375K [0x0000000090c00000, 0x0000000100000000)
  region size 1024K, 78 young (79872K), 1 survivors (1024K)
 Metaspace       used 83458K, committed 84096K, reserved 1179648K
  class space    used 10911K, committed 11264K, reserved 1048576K
}
Event: 17844.457 GC heap after
{Heap after GC invocations=151 (full 0):
 garbage-first heap   total 133120K, used 34402K [0x0000000090c00000, 0x0000000100000000)
  region size 1024K, 1 young (1024K), 1 survivors (1024K)
 Metaspace       used 83458K, committed 84096K, reserved 1179648K
  class space    used 10911K, committed 11264K, reserved 1048576K
}
Event: 17844.488 GC heap before
{Heap before GC invocations=151 (full 0):
 garbage-first heap   total 133120K, used 39522K [0x0000000090c00000, 0x0000000100000000)
  region size 1024K, 6 young (6144K), 1 survivors (1024K)
 Metaspace       used 83458K, committed 84096K, reserved 1179648K
  class space    used 10911K, committed 11264K, reserved 1048576K
}
Event: 17844.493 GC heap after
{Heap after GC invocations=152 (full 0):
 garbage-first heap   total 133120K, used 34359K [0x0000000090c00000, 0x0000000100000000)
  region size 1024K, 1 young (1024K), 1 survivors (1024K)
 Metaspace       used 83458K, committed 84096K, reserved 1179648K
  class space    used 10911K, committed 11264K, reserved 1048576K
}
Event: 17846.587 GC heap before
{Heap before GC invocations=152 (full 0):
 garbage-first heap   total 133120K, used 112183K [0x0000000090c00000, 0x0000000100000000)
  region size 1024K, 78 young (79872K), 1 survivors (1024K)
 Metaspace       used 83458K, committed 84096K, reserved 1179648K
  class space    used 10911K, committed 11264K, reserved 1048576K
}

Deoptimization events (20 events):
Event: 17842.319 Thread 0x000001217d702ed0 DEOPT UNPACKING pc=0x00000121257523a3 sp=0x00000014c15fe928 mode 2
Event: 17842.319 Thread 0x000001217d6ffeb0 Uncommon trap: trap_request=0xffffffb5 fr.pc=0x00000121265d5e98 relative=0x0000000000001c38
Event: 17842.319 Thread 0x000001217d6ffeb0 Uncommon trap: reason=unloaded action=reinterpret pc=0x00000121265d5e98 method=sun.nio.ch.SocketChannelImpl.read(Ljava/nio/ByteBuffer;)I @ 194 c2
Event: 17842.319 Thread 0x000001217d6ffeb0 DEOPT PACKING pc=0x00000121265d5e98 sp=0x00000014c19fef20
Event: 17842.319 Thread 0x000001217d700380 DEOPT PACKING pc=0x00000121264a3dd4 sp=0x00000014c18ff270
Event: 17842.319 Thread 0x000001217d7033a0 DEOPT PACKING pc=0x00000121264a3dd4 sp=0x00000014c17fedf0
Event: 17842.319 Thread 0x000001217f83ce50 DEOPT PACKING pc=0x00000121264a3dd4 sp=0x00000014c31ff170
Event: 17842.319 Thread 0x000001217d6ffeb0 DEOPT UNPACKING pc=0x00000121257523a3 sp=0x00000014c19fed08 mode 2
Event: 17842.319 Thread 0x000001217d7033a0 DEOPT UNPACKING pc=0x0000012125752b43 sp=0x00000014c17fe270 mode 0
Event: 17842.319 Thread 0x000001217d7063c0 DEOPT UNPACKING pc=0x00000121257523a3 sp=0x00000014c13fede8 mode 2
Event: 17842.324 Thread 0x000001217aafa1f0 Uncommon trap: trap_request=0xffffffb5 fr.pc=0x000001212670e720 relative=0x0000000000000780
Event: 17842.324 Thread 0x000001217aafa1f0 Uncommon trap: reason=unloaded action=reinterpret pc=0x000001212670e720 method=sun.nio.ch.SocketChannelImpl.read(Ljava/nio/ByteBuffer;)I @ 194 c2
Event: 17842.324 Thread 0x000001217aafa1f0 DEOPT PACKING pc=0x000001212670e720 sp=0x00000014c11ff050
Event: 17842.324 Thread 0x000001217aafa1f0 DEOPT UNPACKING pc=0x00000121257523a3 sp=0x00000014c11feec0 mode 2
Event: 17842.325 Thread 0x000001217f83ce50 DEOPT UNPACKING pc=0x0000012125752b43 sp=0x00000014c31fe5f0 mode 0
Event: 17842.326 Thread 0x000001217d705080 DEOPT PACKING pc=0x00000121264a3dd4 sp=0x00000014c16ff2f0
Event: 17842.326 Thread 0x000001217d705080 DEOPT UNPACKING pc=0x0000012125752b43 sp=0x00000014c16fe770 mode 0
Event: 17842.327 Thread 0x000001217d702ed0 DEOPT PACKING pc=0x00000121264a3dd4 sp=0x00000014c15fee70
Event: 17842.327 Thread 0x000001217d702ed0 DEOPT UNPACKING pc=0x0000012125752b43 sp=0x00000014c15fe2f0 mode 0
Event: 17842.328 Thread 0x000001217d700380 DEOPT UNPACKING pc=0x0000012125752b43 sp=0x00000014c18fe6f0 mode 0

Classes unloaded (20 events):
Event: 14608.876 Thread 0x0000012134116db0 Unloading class 0x0000012136af1c00 'java/lang/invoke/LambdaForm$MH+0x0000012136af1c00'
Event: 14608.876 Thread 0x0000012134116db0 Unloading class 0x0000012136af1800 'java/lang/invoke/LambdaForm$MH+0x0000012136af1800'
Event: 14608.876 Thread 0x0000012134116db0 Unloading class 0x0000012136af1000 'java/lang/invoke/LambdaForm$MH+0x0000012136af1000'
Event: 14608.876 Thread 0x0000012134116db0 Unloading class 0x0000012136af1400 'java/lang/invoke/LambdaForm$MH+0x0000012136af1400'
Event: 14608.877 Thread 0x0000012134116db0 Unloading class 0x0000012136af0c00 'java/lang/invoke/LambdaForm$MH+0x0000012136af0c00'
Event: 14608.877 Thread 0x0000012134116db0 Unloading class 0x0000012136af0800 'java/lang/invoke/LambdaForm$MH+0x0000012136af0800'
Event: 14608.877 Thread 0x0000012134116db0 Unloading class 0x0000012136af0000 'java/lang/invoke/LambdaForm$MH+0x0000012136af0000'
Event: 14608.877 Thread 0x0000012134116db0 Unloading class 0x0000012136af0400 'java/lang/invoke/LambdaForm$MH+0x0000012136af0400'
Event: 14608.877 Thread 0x0000012134116db0 Unloading class 0x0000012136aebc00 'java/lang/invoke/LambdaForm$MH+0x0000012136aebc00'
Event: 14608.877 Thread 0x0000012134116db0 Unloading class 0x0000012136aeb400 'java/lang/invoke/LambdaForm$MH+0x0000012136aeb400'
Event: 14608.878 Thread 0x0000012134116db0 Unloading class 0x0000012136aeb000 'java/lang/invoke/LambdaForm$MH+0x0000012136aeb000'
Event: 14608.878 Thread 0x0000012134116db0 Unloading class 0x0000012136aea800 'java/lang/invoke/LambdaForm$MH+0x0000012136aea800'
Event: 14608.878 Thread 0x0000012134116db0 Unloading class 0x0000012136aeac00 'java/lang/invoke/LambdaForm$MH+0x0000012136aeac00'
Event: 14608.878 Thread 0x0000012134116db0 Unloading class 0x0000012136aea000 'java/lang/invoke/LambdaForm$MH+0x0000012136aea000'
Event: 14608.878 Thread 0x0000012134116db0 Unloading class 0x0000012136aea400 'java/lang/invoke/LambdaForm$MH+0x0000012136aea400'
Event: 14608.878 Thread 0x0000012134116db0 Unloading class 0x0000012136ae9c00 'java/lang/invoke/LambdaForm$MH+0x0000012136ae9c00'
Event: 14608.878 Thread 0x0000012134116db0 Unloading class 0x0000012136ae9800 'java/lang/invoke/LambdaForm$MH+0x0000012136ae9800'
Event: 14608.878 Thread 0x0000012134116db0 Unloading class 0x0000012136ae9400 'jdk/internal/reflect/GeneratedConstructorAccessor45'
Event: 14608.878 Thread 0x0000012134116db0 Unloading class 0x0000012136ae9000 'jdk/internal/reflect/GeneratedConstructorAccessor44'
Event: 14608.878 Thread 0x0000012134116db0 Unloading class 0x0000012136ae7400 'java/lang/invoke/LambdaForm$MH+0x0000012136ae7400'

Classes redefined (0 events):
No events

Internal exceptions (20 events):
Event: 17846.430 Thread 0x000001217f83ce50 Exception <a 'sun/net/ConnectionResetException'{0x000000009550f988}: Connection reset> (0x000000009550f988) 
thrown [s\open\src\hotspot\share\prims\jni.cpp, line 535]
Event: 17846.438 Thread 0x000001217aafa1f0 Exception <a 'sun/net/ConnectionResetException'{0x0000000095479c88}: Connection reset> (0x0000000095479c88) 
thrown [s\open\src\hotspot\share\prims\jni.cpp, line 535]
Event: 17846.441 Thread 0x000001217d6ffeb0 Exception <a 'sun/net/ConnectionResetException'{0x00000000951ebd10}: Connection reset> (0x00000000951ebd10) 
thrown [s\open\src\hotspot\share\prims\jni.cpp, line 535]
Event: 17846.446 Thread 0x000001217d7063c0 Exception <a 'sun/net/ConnectionResetException'{0x000000009520f438}: Connection reset> (0x000000009520f438) 
thrown [s\open\src\hotspot\share\prims\jni.cpp, line 535]
Event: 17846.461 Thread 0x000001217aafa1f0 Exception <a 'sun/net/ConnectionResetException'{0x000000009547a2d0}: Connection reset> (0x000000009547a2d0) 
thrown [s\open\src\hotspot\share\prims\jni.cpp, line 535]
Event: 17846.467 Thread 0x000001217d6ffeb0 Exception <a 'sun/net/ConnectionResetException'{0x00000000951ec358}: Connection reset> (0x00000000951ec358) 
thrown [s\open\src\hotspot\share\prims\jni.cpp, line 535]
Event: 17846.473 Thread 0x000001217d7063c0 Exception <a 'sun/net/ConnectionResetException'{0x000000009520fa80}: Connection reset> (0x000000009520fa80) 
thrown [s\open\src\hotspot\share\prims\jni.cpp, line 535]
Event: 17846.479 Thread 0x000001217aafa6c0 Exception <a 'sun/net/ConnectionResetException'{0x0000000094d54b40}: Connection reset> (0x0000000094d54b40) 
thrown [s\open\src\hotspot\share\prims\jni.cpp, line 535]
Event: 17846.494 Thread 0x000001217d6ffeb0 Exception <a 'sun/net/ConnectionResetException'{0x00000000951ec9a0}: Connection reset> (0x00000000951ec9a0) 
thrown [s\open\src\hotspot\share\prims\jni.cpp, line 535]
Event: 17846.501 Thread 0x000001217d7063c0 Exception <a 'sun/net/ConnectionResetException'{0x00000000952100c8}: Connection reset> (0x00000000952100c8) 
thrown [s\open\src\hotspot\share\prims\jni.cpp, line 535]
Event: 17846.505 Thread 0x000001217aafa6c0 Exception <a 'sun/net/ConnectionResetException'{0x0000000094d55188}: Connection reset> (0x0000000094d55188) 
thrown [s\open\src\hotspot\share\prims\jni.cpp, line 535]
Event: 17846.512 Thread 0x000001217d6ffeb0 Exception <a 'sun/net/ConnectionResetException'{0x00000000951ecfe8}: Connection reset> (0x00000000951ecfe8) 
thrown [s\open\src\hotspot\share\prims\jni.cpp, line 535]
Event: 17846.517 Thread 0x000001217d7033a0 Exception <a 'sun/net/ConnectionResetException'{0x000000009481afb0}: Connection reset> (0x000000009481afb0) 
thrown [s\open\src\hotspot\share\prims\jni.cpp, line 535]
Event: 17846.523 Thread 0x000001217aafa1f0 Exception <a 'sun/net/ConnectionResetException'{0x0000000094847850}: Connection reset> (0x0000000094847850) 
thrown [s\open\src\hotspot\share\prims\jni.cpp, line 535]
Event: 17846.534 Thread 0x000001217f83ce50 Exception <a 'sun/net/ConnectionResetException'{0x00000000947e2de8}: Connection reset> (0x00000000947e2de8) 
thrown [s\open\src\hotspot\share\prims\jni.cpp, line 535]
Event: 17846.544 Thread 0x000001217d6ffeb0 Exception <a 'sun/net/ConnectionResetException'{0x00000000951ed630}: Connection reset> (0x00000000951ed630) 
thrown [s\open\src\hotspot\share\prims\jni.cpp, line 535]
Event: 17846.549 Thread 0x000001217d7033a0 Exception <a 'sun/net/ConnectionResetException'{0x000000009481b5f8}: Connection reset> (0x000000009481b5f8) 
thrown [s\open\src\hotspot\share\prims\jni.cpp, line 535]
Event: 17846.559 Thread 0x000001217aaf8eb0 Exception <a 'sun/net/ConnectionResetException'{0x000000009459bac8}: Connection reset> (0x000000009459bac8) 
thrown [s\open\src\hotspot\share\prims\jni.cpp, line 535]
Event: 17846.561 Thread 0x000001217f83ce50 Exception <a 'sun/net/ConnectionResetException'{0x00000000947e3430}: Connection reset> (0x00000000947e3430) 
thrown [s\open\src\hotspot\share\prims\jni.cpp, line 535]
Event: 17846.575 Thread 0x000001217aafa6c0 Exception <a 'sun/net/ConnectionResetException'{0x00000000943581f8}: Connection reset> (0x00000000943581f8) 
thrown [s\open\src\hotspot\share\prims\jni.cpp, line 535]

VM Operations (20 events):
Event: 17842.314 Executing VM operation: HandshakeAllThreads done
Event: 17842.327 Executing VM operation: G1Concurrent
Event: 17842.334 Executing VM operation: G1Concurrent done
Event: 17842.357 Executing VM operation: G1Concurrent
Event: 17842.357 Executing VM operation: G1Concurrent done
Event: 17842.875 Executing VM operation: G1CollectForAllocation
Event: 17842.878 Executing VM operation: G1CollectForAllocation done
Event: 17842.915 Executing VM operation: G1CollectForAllocation
Event: 17842.919 Executing VM operation: G1CollectForAllocation done
Event: 17843.729 Executing VM operation: G1CollectForAllocation
Event: 17843.731 Executing VM operation: G1CollectForAllocation done
Event: 17843.787 Executing VM operation: G1Concurrent
Event: 17843.795 Executing VM operation: G1Concurrent done
Event: 17843.817 Executing VM operation: G1Concurrent
Event: 17843.818 Executing VM operation: G1Concurrent done
Event: 17844.455 Executing VM operation: G1CollectForAllocation
Event: 17844.458 Executing VM operation: G1CollectForAllocation done
Event: 17844.488 Executing VM operation: G1CollectForAllocation
Event: 17844.493 Executing VM operation: G1CollectForAllocation done
Event: 17846.587 Executing VM operation: G1CollectForAllocation

Events (20 events):
Event: 17797.606 Thread 0x0000012134146eb0 flushing nmethod 0x000001211f5b8410
Event: 17797.607 Thread 0x0000012134146eb0 flushing nmethod 0x000001211f6a2610
Event: 17797.869 Thread 0x000001217cc910e0 Thread exited: 0x000001217cc910e0
Event: 17797.874 Thread 0x000001217f8372e0 Thread added: 0x000001217f8372e0
Event: 17802.890 Thread 0x000001217f8372e0 Thread exited: 0x000001217f8372e0
Event: 17802.938 Thread 0x000001217f838150 Thread added: 0x000001217f838150
Event: 17810.475 Thread 0x000001217db94710 Thread added: 0x000001217db94710
Event: 17811.656 Thread 0x000001217f839e30 Thread added: 0x000001217f839e30
Event: 17811.656 Thread 0x000001217f838af0 Thread added: 0x000001217f838af0
Event: 17811.657 Thread 0x000001217f83aca0 Thread added: 0x000001217f83aca0
Event: 17811.870 Thread 0x000001217f8372e0 Thread added: 0x000001217f8372e0
Event: 17812.490 Thread 0x000001217db94710 Thread exited: 0x000001217db94710
Event: 17813.360 Thread 0x000001217f838150 Thread exited: 0x000001217f838150
Event: 17813.506 Thread 0x000001217f83b640 Thread added: 0x000001217f83b640
Event: 17818.585 Thread 0x000001217f83b640 Thread exited: 0x000001217f83b640
Event: 17825.432 Thread 0x000001217db94710 Thread added: 0x000001217db94710
Event: 17833.491 Thread 0x000001217db94710 Thread exited: 0x000001217db94710
Event: 17842.283 loading class sun/net/ConnectionResetException
Event: 17842.307 loading class sun/net/ConnectionResetException done
Event: 17842.339 Thread 0x000001217f837c80 Thread added: 0x000001217f837c80


Dynamic libraries:
0x00007ff714330000 - 0x00007ff714340000 	C:\Program Files\Java\jdk-17\bin\java.exe
0x00007ff9cc450000 - 0x00007ff9cc648000 	C:\WINDOWS\SYSTEM32\ntdll.dll
0x00007ff9cc060000 - 0x00007ff9cc11d000 	C:\WINDOWS\System32\KERNEL32.DLL
0x00007ff9c9b10000 - 0x00007ff9c9e06000 	C:\WINDOWS\System32\KERNELBASE.dll
0x00007ff9c9e10000 - 0x00007ff9c9f10000 	C:\WINDOWS\System32\ucrtbase.dll
0x00007ff9c4fb0000 - 0x00007ff9c4fcb000 	C:\Program Files\Java\jdk-17\bin\VCRUNTIME140.dll
0x00007ff9c1140000 - 0x00007ff9c1159000 	C:\Program Files\Java\jdk-17\bin\jli.dll
0x00007ff9cb550000 - 0x00007ff9cb603000 	C:\WINDOWS\System32\ADVAPI32.dll
0x00007ff9cba90000 - 0x00007ff9cbb2e000 	C:\WINDOWS\System32\msvcrt.dll
0x00007ff9ca620000 - 0x00007ff9ca6bf000 	C:\WINDOWS\System32\sechost.dll
0x00007ff9cbd70000 - 0x00007ff9cbe96000 	C:\WINDOWS\System32\RPCRT4.dll
0x00007ff9ca430000 - 0x00007ff9ca457000 	C:\WINDOWS\System32\bcrypt.dll
0x00007ff9cae30000 - 0x00007ff9cafce000 	C:\WINDOWS\System32\USER32.dll
0x00007ff9ca460000 - 0x00007ff9ca482000 	C:\WINDOWS\System32\win32u.dll
0x00007ff9cbd40000 - 0x00007ff9cbd6b000 	C:\WINDOWS\System32\GDI32.dll
0x00007ff9ca000000 - 0x00007ff9ca117000 	C:\WINDOWS\System32\gdi32full.dll
0x00007ff9c8ee0000 - 0x00007ff9c917a000 	C:\WINDOWS\WinSxS\amd64_microsoft.windows.common-controls_6595b64144ccf1df_6.0.19041.3636_none_60b6a03d71f818d5\COMCTL32.dll
0x00007ff9c9f10000 - 0x00007ff9c9fad000 	C:\WINDOWS\System32\msvcp_win.dll
0x00007ff9bf160000 - 0x00007ff9bf16a000 	C:\WINDOWS\SYSTEM32\VERSION.dll
0x00007ff9cb9d0000 - 0x00007ff9cba02000 	C:\WINDOWS\System32\IMM32.DLL
0x00007ff9c4fa0000 - 0x00007ff9c4fac000 	C:\Program Files\Java\jdk-17\bin\vcruntime140_1.dll
0x00007ff9a7920000 - 0x00007ff9a79ae000 	C:\Program Files\Java\jdk-17\bin\msvcp140.dll
0x00007ff94c500000 - 0x00007ff94d0de000 	C:\Program Files\Java\jdk-17\bin\server\jvm.dll
0x00007ff9cc1f0000 - 0x00007ff9cc1f8000 	C:\WINDOWS\System32\PSAPI.DLL
0x00007ff9bf130000 - 0x00007ff9bf157000 	C:\WINDOWS\SYSTEM32\WINMM.dll
0x00007ff9b18f0000 - 0x00007ff9b18f9000 	C:\WINDOWS\SYSTEM32\WSOCK32.dll
0x00007ff9cba20000 - 0x00007ff9cba8b000 	C:\WINDOWS\System32\WS2_32.dll
0x00007ff9c7310000 - 0x00007ff9c7322000 	C:\WINDOWS\SYSTEM32\kernel.appcore.dll
0x00007ff9c4f50000 - 0x00007ff9c4f5a000 	C:\Program Files\Java\jdk-17\bin\jimage.dll
0x00007ff9c9520000 - 0x00007ff9c9704000 	C:\WINDOWS\SYSTEM32\DBGHELP.DLL
0x00007ff9c9460000 - 0x00007ff9c9494000 	C:\WINDOWS\SYSTEM32\dbgcore.DLL
0x00007ff9ca120000 - 0x00007ff9ca1a2000 	C:\WINDOWS\System32\bcryptPrimitives.dll
0x00007ff9bde90000 - 0x00007ff9bdeb5000 	C:\Program Files\Java\jdk-17\bin\java.dll
0x00007ff99d080000 - 0x00007ff99d157000 	C:\Program Files\Java\jdk-17\bin\jsvml.dll
0x00007ff9ca6c0000 - 0x00007ff9cae05000 	C:\WINDOWS\System32\SHELL32.dll
0x00007ff9c7510000 - 0x00007ff9c7cac000 	C:\WINDOWS\SYSTEM32\windows.storage.dll
0x00007ff9cb670000 - 0x00007ff9cb9c4000 	C:\WINDOWS\System32\combase.dll
0x00007ff9c8e40000 - 0x00007ff9c8e6e000 	C:\WINDOWS\SYSTEM32\Wldp.dll
0x00007ff9cc120000 - 0x00007ff9cc1ed000 	C:\WINDOWS\System32\OLEAUT32.dll
0x00007ff9cb4a0000 - 0x00007ff9cb54d000 	C:\WINDOWS\System32\SHCORE.dll
0x00007ff9cb610000 - 0x00007ff9cb665000 	C:\WINDOWS\System32\shlwapi.dll
0x00007ff9c9a40000 - 0x00007ff9c9a65000 	C:\WINDOWS\SYSTEM32\profapi.dll
0x00007ff9bdf20000 - 0x00007ff9bdf39000 	C:\Program Files\Java\jdk-17\bin\net.dll
0x00007ff9c1660000 - 0x00007ff9c176a000 	C:\WINDOWS\SYSTEM32\WINHTTP.dll
0x00007ff9c8b00000 - 0x00007ff9c8b6a000 	C:\WINDOWS\system32\mswsock.dll
0x00007ff9b2560000 - 0x00007ff9b2576000 	C:\Program Files\Java\jdk-17\bin\nio.dll
0x00007ff9b24a0000 - 0x00007ff9b24b8000 	C:\Program Files\Java\jdk-17\bin\zip.dll
0x00007ff9c4f30000 - 0x00007ff9c4f3a000 	C:\Program Files\Java\jdk-17\bin\management.dll
0x00007ff9c4f00000 - 0x00007ff9c4f0b000 	C:\Program Files\Java\jdk-17\bin\management_ext.dll
0x00007ff9ae660000 - 0x00007ff9ae677000 	C:\WINDOWS\system32\napinsp.dll
0x00007ff9ae4d0000 - 0x00007ff9ae4eb000 	C:\WINDOWS\system32\pnrpnsp.dll
0x00007ff9c3b70000 - 0x00007ff9c3b85000 	C:\WINDOWS\system32\wshbth.dll
0x00007ff9c4e90000 - 0x00007ff9c4ead000 	C:\WINDOWS\system32\NLAapi.dll
0x00007ff9c8800000 - 0x00007ff9c883b000 	C:\WINDOWS\SYSTEM32\IPHLPAPI.DLL
0x00007ff9c8840000 - 0x00007ff9c890b000 	C:\WINDOWS\SYSTEM32\DNSAPI.dll
0x00007ff9ca610000 - 0x00007ff9ca618000 	C:\WINDOWS\System32\NSI.dll
0x00007ff9ae440000 - 0x00007ff9ae452000 	C:\WINDOWS\System32\winrnr.dll
0x00007ff9bf7a0000 - 0x00007ff9bf7aa000 	C:\Windows\System32\rasadhlp.dll
0x00007ff9b7370000 - 0x00007ff9b73f0000 	C:\WINDOWS\System32\fwpuclnt.dll
0x00007ff9c9880000 - 0x00007ff9c9898000 	C:\WINDOWS\SYSTEM32\CRYPTSP.dll
0x00007ff9c8490000 - 0x00007ff9c84c4000 	C:\WINDOWS\system32\rsaenh.dll
0x00007ff9c99c0000 - 0x00007ff9c99ee000 	C:\WINDOWS\SYSTEM32\USERENV.dll
0x00007ff9c8d90000 - 0x00007ff9c8d9c000 	C:\WINDOWS\SYSTEM32\CRYPTBASE.dll
0x00007ff9c0730000 - 0x00007ff9c0747000 	C:\WINDOWS\SYSTEM32\dhcpcsvc6.DLL
0x00007ff9c1d00000 - 0x00007ff9c1d1d000 	C:\WINDOWS\SYSTEM32\dhcpcsvc.DLL
0x00007ff9c3c40000 - 0x00007ff9c3c4e000 	C:\Program Files\Java\jdk-17\bin\sunmscapi.dll
0x00007ff9ca2d0000 - 0x00007ff9ca42d000 	C:\WINDOWS\System32\CRYPT32.dll
0x00007ff9c8eb0000 - 0x00007ff9c8ed8000 	C:\WINDOWS\SYSTEM32\ncrypt.dll
0x00007ff9c8e70000 - 0x00007ff9c8eab000 	C:\WINDOWS\SYSTEM32\NTASN1.dll
0x00007ff9c11e0000 - 0x00007ff9c11f0000 	C:\Program Files\Java\jdk-17\bin\verify.dll
0x00007ff9c3a40000 - 0x00007ff9c3a47000 	C:\WINDOWS\system32\wshunix.dll

dbghelp: loaded successfully - version: 4.0.5 - missing functions: none
symbol engine: initialized successfully - sym options: 0x614 - pdb path: .;C:\Program Files\Java\jdk-17\bin;C:\WINDOWS\SYSTEM32;C:\WINDOWS\WinSxS\amd64_microsoft.windows.common-controls_6595b64144ccf1df_6.0.19041.3636_none_60b6a03d71f818d5;C:\Program Files\Java\jdk-17\bin\server

VM Arguments:
jvm_args: -Dcom.sun.management.jmxremote -Dcom.sun.management.jmxremote.port=64569 -Dcom.sun.management.jmxremote.authenticate=false -Dcom.sun.management.jmxremote.ssl=false -Dspring.jmx.enabled=true -Djava.rmi.server.hostname=localhost -Dspring.application.admin.enabled=true -Dspring.boot.project.name=TP-QuizCapitales -XX:+ShowCodeDetailsInExceptionMessages 
java_command: com.tp.chat.TpChatApplication
java_class_path (initial): D:\Users\tonym\Downloads\TP-Chat-spring_modif\TP-Chat-spring\TP-Chat\target\classes;C:\Users\tonym\.m2\repository\org\springframework\boot\spring-boot-starter-web\3.1.2\spring-boot-starter-web-3.1.2.jar;C:\Users\tonym\.m2\repository\org\springframework\boot\spring-boot-starter\3.1.2\spring-boot-starter-3.1.2.jar;C:\Users\tonym\.m2\repository\org\springframework\boot\spring-boot\3.1.2\spring-boot-3.1.2.jar;C:\Users\tonym\.m2\repository\org\springframework\boot\spring-boot-autoconfigure\3.1.2\spring-boot-autoconfigure-3.1.2.jar;C:\Users\tonym\.m2\repository\org\springframework\boot\spring-boot-starter-logging\3.1.2\spring-boot-starter-logging-3.1.2.jar;C:\Users\tonym\.m2\repository\ch\qos\logback\logback-classic\1.4.8\logback-classic-1.4.8.jar;C:\Users\tonym\.m2\repository\ch\qos\logback\logback-core\1.4.8\logback-core-1.4.8.jar;C:\Users\tonym\.m2\repository\org\apache\logging\log4j\log4j-to-slf4j\2.20.0\log4j-to-slf4j-2.20.0.jar;C:\Users\tonym\.m2\repository\org\apache\logging\log4j\log4j-api\2.20.0\log4j-api-2.20.0.jar;C:\Users\tonym\.m2\repository\org\slf4j\jul-to-slf4j\2.0.7\jul-to-slf4j-2.0.7.jar;C:\Users\tonym\.m2\repository\jakarta\annotation\jakarta.annotation-api\2.1.1\jakarta.annotation-api-2.1.1.jar;C:\Users\tonym\.m2\repository\org\yaml\snakeyaml\1.33\snakeyaml-1.33.jar;C:\Users\tonym\.m2\repository\org\springframework\boot\spring-boot-starter-json\3.1.2\spring-boot-starter-json-3.1.2.jar;C:\Users\tonym\.m2\repository\com\fasterxml\jackson\datatype\jackson-datatype-jdk8\2.15.2\jackson-datatype-jdk8-2.15.2.jar;C:\Users\tonym\.m2\repository\com\fasterxml\jackson\datatype\jackson-datatype-jsr310\2.15.2\jackson-datatype-jsr310-2.15.2.jar;C:\Users\tonym\.m2\repository\com\fasterxml\jackson\module\jackson-module-parameter-names\2.15.2\jackson-module-parameter-names-2.15.2.jar;C:\Users\tonym\.m2\repository\org\springframework\boot\spring-boot-starter-tomcat\3.1.2\spring-boot-starter-tomcat-3.1.2.jar;C:\Users\tonym\.m2\repository\org\a
Launcher Type: SUN_STANDARD

[Global flags]
     intx CICompilerCount                          = 4                                         {product} {ergonomic}
     uint ConcGCThreads                            = 2                                         {product} {ergonomic}
     uint G1ConcRefinementThreads                  = 8                                         {product} {ergonomic}
   size_t G1HeapRegionSize                         = 1048576                                   {product} {ergonomic}
    uintx GCDrainStackTargetSize                   = 64                                        {product} {ergonomic}
   size_t InitialHeapSize                          = 117440512                                 {product} {ergonomic}
     bool ManagementServer                         = true                                      {product} {command line}
   size_t MarkStackSize                            = 4194304                                   {product} {ergonomic}
   size_t MaxHeapSize                              = 1866465280                                {product} {ergonomic}
   size_t MaxNewSize                               = 1119879168                                {product} {ergonomic}
   size_t MinHeapDeltaBytes                        = 1048576                                   {product} {ergonomic}
   size_t MinHeapSize                              = 8388608                                   {product} {ergonomic}
    uintx NonNMethodCodeHeapSize                   = 5839372                                {pd product} {ergonomic}
    uintx NonProfiledCodeHeapSize                  = 122909434                              {pd product} {ergonomic}
    uintx ProfiledCodeHeapSize                     = 122909434                              {pd product} {ergonomic}
    uintx ReservedCodeCacheSize                    = 251658240                              {pd product} {ergonomic}
     bool SegmentedCodeCache                       = true                                      {product} {ergonomic}
     bool ShowCodeDetailsInExceptionMessages       = true                                   {manageable} {command line}
   size_t SoftMaxHeapSize                          = 1866465280                             {manageable} {ergonomic}
     bool UseCompressedClassPointers               = true                           {product lp64_product} {ergonomic}
     bool UseCompressedOops                        = true                           {product lp64_product} {ergonomic}
     bool UseG1GC                                  = true                                      {product} {ergonomic}
     bool UseLargePagesIndividualAllocation        = false                                  {pd product} {ergonomic}

Logging:
Log output configuration:
 #0: stdout all=warning uptime,level,tags
 #1: stderr all=off uptime,level,tags

Environment Variables:
JAVA_HOME=C:\Program Files\Java\jdk-17
PATH=C:\Program Files\Common Files\Oracle\Java\javapath;C:\ProgramData\Oracle\Java\javapath;C:\oraclexe\app\oracle\product\11.2.0\server\bin;C:\Python310\Scripts\;C:\Python310\;C:\Program Files\Eclipse Adoptium\jdk-11.0.13.8-hotspot\bin;C:\Python38\Scripts\;C:\Python38\;C:\Windows\system32;C:\Windows;C:\Windows\System32\Wbem;C:\Windows\System32\WindowsPowerShell\v1.0\;C:\Windows\System32\OpenSSH\;C:\Program Files (x86)\NVIDIA Corporation\PhysX\Common;C:\WINDOWS\system32;C:\WINDOWS;C:\WINDOWS\System32\Wbem;C:\WINDOWS\System32\WindowsPowerShell\v1.0\;C:\WINDOWS\System32\OpenSSH\;C:\Program Files\Git\cmd;C:\ProgramData\chocolatey\bin;C:\Program Files\dotnet\;C:\Program Files (x86)\MySQL\MySQL Fabric 1.5 & MySQL Utilities 1.5\;C:\Program Files (x86)\MySQL\MySQL Fabric 1.5 & MySQL Utilities 1.5\Doctrine extensions for PHP\;C:\SpringWorkspace\apache-maven-3.9.1-bin\apache-maven-3.9.1\bin;C:\Program Files\Java\jdk-17\bin;;C:\Program Files\Docker\Docker\resources\bin;C:\Program Files\nodejs\;C:\Users\tonym\AppData\Local\Microsoft\WindowsApps;C:\Users\tonym\AppData\Local\atom\bin;C:\Users\tonym\AppData\Local\Microsoft\WindowsApps;C:\Users\tonym\AppData\Local\GitHubDesktop\bin;C:\Users\tonym\AppData\Local\gitkraken\bin;C:\Users\tonym\AppData\Roaming\npm
USERNAME=tonym
LANG=en_US.UTF-8
OS=Windows_NT
PROCESSOR_IDENTIFIER=AMD64 Family 23 Model 17 Stepping 0, AuthenticAMD



---------------  S Y S T E M  ---------------

OS:
 Windows 10 , 64 bit Build 19041 (10.0.19041.3636)
OS uptime: 5 days 22:35 hours
Hyper-V role detected

CPU: total 8 (initial active 8) (8 cores per cpu, 2 threads per core) family 23 model 17 stepping 0 microcode 0x0, cx8, cmov, fxsr, ht, mmx, 3dnowpref, sse, sse2, sse3, ssse3, sse4a, sse4.1, sse4.2, popcnt, lzcnt, tsc, tscinvbit, avx, avx2, aes, clmul, bmi1, bmi2, adx, sha, fma, vzeroupper, clflush, clflushopt, hv

Memory: 4k page, system-wide physical 7116M (489M free)
TotalPageFile size 28620M (AvailPageFile size 5M)
current process WorkingSet (physical memory assigned to process): 284M, peak: 414M
current process commit charge ("private bytes"): 426M, peak: 587M

vm_info: Java HotSpot(TM) 64-Bit Server VM (17.0.8+9-LTS-211) for windows-amd64 JRE (17.0.8+9-LTS-211), built on Jun 14 2023 10:34:31 by "mach5one" with MS VC++ 17.1 (VS2022)

END.
